==========================================================
SLURM Job ID: 54186
Job Name: HPCG-Tune
Running on nodes: v21
Number of Tasks: 4
Tasks per Node: 4
CPUs per Task: 1
Job started at: Sun Aug 31 11:00:51 AM CST 2025
==========================================================

正在加载计算环境...
--- 环境设置完成 ---
环境加载完成。

正在进入 bin 目录...
当前目录: /home/hpc101/h3240100651/project/HPCG/nvidia/nvidia-hpcg-master/bin

开始执行 run.sh 自动化测试脚本...
正在检测运行环境...
检测到 SLURM 环境。将使用 'srun' 启动器并采用原生MPI集成。
----------------------------------------------------------
开始HPCG进阶性能扫描 (v13)...
结果将保存在: ./result
==========================================================
正在测试: NProc=1, OMP_Threads=1, Grid=1x1x1, L2Cmp=0, GSS=4096
测试完成。日志已保存至: ./result/hpcg_n1_t1_g1x1x1_l2c0_gss4096_20250831_11M55.log
----------------------------------------------------------
正在测试: NProc=1, OMP_Threads=1, Grid=1x1x1, L2Cmp=0, GSS=2048
测试完成。日志已保存至: ./result/hpcg_n1_t1_g1x1x1_l2c0_gss2048_20250831_11M30.log
----------------------------------------------------------
正在测试: NProc=1, OMP_Threads=1, Grid=1x1x1, L2Cmp=1, GSS=4096
测试完成。日志已保存至: ./result/hpcg_n1_t1_g1x1x1_l2c1_gss4096_20250831_11M00.log
----------------------------------------------------------
正在测试: NProc=1, OMP_Threads=1, Grid=1x1x1, L2Cmp=1, GSS=2048
测试完成。日志已保存至: ./result/hpcg_n1_t1_g1x1x1_l2c1_gss2048_20250831_11M32.log
----------------------------------------------------------
正在测试: NProc=1, OMP_Threads=2, Grid=1x1x1, L2Cmp=0, GSS=4096
测试完成。日志已保存至: ./result/hpcg_n1_t2_g1x1x1_l2c0_gss4096_20250831_11M43.log
----------------------------------------------------------
正在测试: NProc=1, OMP_Threads=2, Grid=1x1x1, L2Cmp=0, GSS=2048
测试完成。日志已保存至: ./result/hpcg_n1_t2_g1x1x1_l2c0_gss2048_20250831_11M17.log
----------------------------------------------------------
正在测试: NProc=1, OMP_Threads=2, Grid=1x1x1, L2Cmp=1, GSS=4096
测试完成。日志已保存至: ./result/hpcg_n1_t2_g1x1x1_l2c1_gss4096_20250831_11M57.log
----------------------------------------------------------
正在测试: NProc=1, OMP_Threads=2, Grid=1x1x1, L2Cmp=1, GSS=2048
测试完成。日志已保存至: ./result/hpcg_n1_t2_g1x1x1_l2c1_gss2048_20250831_11M54.log
----------------------------------------------------------
正在测试: NProc=2, OMP_Threads=1, Grid=1x1x2, L2Cmp=0, GSS=4096
测试完成。日志已保存至: ./result/hpcg_n2_t1_g1x1x2_l2c0_gss4096_20250831_11M27.log
----------------------------------------------------------
正在测试: NProc=2, OMP_Threads=1, Grid=1x1x2, L2Cmp=0, GSS=2048
测试完成。日志已保存至: ./result/hpcg_n2_t1_g1x1x2_l2c0_gss2048_20250831_11M17.log
----------------------------------------------------------
正在测试: NProc=2, OMP_Threads=1, Grid=1x1x2, L2Cmp=1, GSS=4096
[2025-08-31T11:37:40.378] error: *** JOB 54186 ON v21 CANCELLED AT 2025-08-31T11:37:40 DUE to SIGNAL Terminated ***
