==========================================================
SLURM Job ID: 54024
Job Name: HPCG-Tune
Running on nodes: v02
Number of Tasks: 2
Tasks per Node: 2
CPUs per Task: 2
Job started at: Sun Aug 31 09:07:38 AM CST 2025
==========================================================

正在加载计算环境...
--- 环境设置完成 ---
环境加载完成。

正在进入 bin 目录...
当前目录: /home/hpc101/h3240100651/project/HPCG/nvidia/nvidia-hpcg-master/bin

开始执行 run.sh 自动化测试脚本...
正在检测运行环境...
检测到 SLURM 环境。将使用 'srun' 启动器并采用原生MPI集成。
----------------------------------------------------------
开始HPCG进阶性能扫描 (v13)...
结果将保存在: ./result
==========================================================
正在测试: NProc=2, OMP_Threads=1, Grid=1x1x2, L2Cmp=0, GSS=4096
测试完成。日志已保存至: ./result/hpcg_n2_t1_g1x1x2_l2c0_gss4096_20250831_09M42.log
----------------------------------------------------------
正在测试: NProc=2, OMP_Threads=1, Grid=1x1x2, L2Cmp=0, GSS=8192
测试完成。日志已保存至: ./result/hpcg_n2_t1_g1x1x2_l2c0_gss8192_20250831_09M52.log
----------------------------------------------------------
正在测试: NProc=2, OMP_Threads=1, Grid=1x1x2, L2Cmp=1, GSS=4096
测试完成。日志已保存至: ./result/hpcg_n2_t1_g1x1x2_l2c1_gss4096_20250831_09M10.log
----------------------------------------------------------
正在测试: NProc=2, OMP_Threads=1, Grid=1x1x2, L2Cmp=1, GSS=8192
测试完成。日志已保存至: ./result/hpcg_n2_t1_g1x1x2_l2c1_gss8192_20250831_09M57.log
----------------------------------------------------------
==========================================================
所有进阶测试已完成！

==========================================================
run.sh 脚本执行完毕。
Job finished at: Sun Aug 31 09:12:14 AM CST 2025
==========================================================
