################################################################
### Test executed at: Sun Aug 31 11:35:44 AM CST 2025
### Command:
srun -n 2 --mpi=pmi2 --cpus-per-task=1 --export=ALL,I_MPI_HYDRA_BOOTSTRAP=slurm,I_MPI_PMI_PROVIDER=pmi2,I_MPI_PMI_LIBRARY=/slurm/libpmi2.so.0.0.0 ./hpcg.sh                         --nx 256 --ny 256 --nz 544 --rt 120                         --p2p 4 --gpu-affinity 0:1 --b 1                         --npx 1 --npy 1 --npz 2                         --l2cmp 1                         --gss 4096
################################################################

MPI startup(): I_MPI_PMI_PROVIDER environment variable is not supported.
MPI startup(): Similar variables:
	 I_MPI_OFI_PROVIDER
	 I_MPI_CXX_PROFILE
	 I_MPI_FC_PROFILE
	 I_MPI_F77_PROFILE
	 I_MPI_F90_PROFILE
MPI startup(): To check the list of supported variables, use the impi_info utility or refer to https://www.intel.com/content/www/us/en/docs/mpi-library/developer-reference-linux/
HPCG-NVIDIA 24.09.0  -- NVIDIA accelerated HPCG benchmark -- NVIDIA
Build v0.5.9 

Start of application (GPU-Only) ...
 | Benchmark Mode !!!! CPU reference code is not performed 
 | L2 compression is activated !!!! Currently, it is not legal to submit HPCG results with L2 compression
GPU Rank Info:
 | cuSPARSE version 12.5
 | L2 compression is activated
 | Reference CPU memory = 15909.92 MB
 | GPU Name: 'Tesla V100-SXM2-32GB' 
 | GPU Memory Use: 30351 MB / 32494 MB
 | Process Grid: 1x1x2
 | Local Domain: 256x256x544
 | Number of CPU Threads: 1
 | Slice Size: 4096
WARNING: PERFORMING UNPRECONDITIONED ITERATIONS
Call [0] Number of Iterations [11] Scaled Residual [1.1964e-14]
WARNING: PERFORMING UNPRECONDITIONED ITERATIONS
Call [1] Number of Iterations [11] Scaled Residual [1.1964e-14]
Call [0] Number of Iterations [2] Scaled Residual [6.37255e-18]
Call [1] Number of Iterations [2] Scaled Residual [6.37255e-18]
Departure from symmetry (scaled) for SpMV abs(x'*A*y - y'*A*x) = 0
Departure from symmetry (scaled) for MG abs(x'*Minv*y - y'*Minv*x) = 0
SpMV call [0] Residual [0]
SpMV call [1] Residual [0]
Initial Residual = 10062.9
Iteration = 1   Scaled Residual = 0.220956
Iteration = 2   Scaled Residual = 0.119839
Iteration = 3   Scaled Residual = 0.0815038
Iteration = 4   Scaled Residual = 0.0616811
Iteration = 5   Scaled Residual = 0.049644
Iteration = 6   Scaled Residual = 0.0415306
Iteration = 7   Scaled Residual = 0.0357017
Iteration = 8   Scaled Residual = 0.0313129
Iteration = 9   Scaled Residual = 0.0278809
Iteration = 10   Scaled Residual = 0.0251263
Iteration = 11   Scaled Residual = 0.0228665
Iteration = 12   Scaled Residual = 0.0209757
Iteration = 13   Scaled Residual = 0.0193732
Iteration = 14   Scaled Residual = 0.0179965
Iteration = 15   Scaled Residual = 0.0168002
Iteration = 16   Scaled Residual = 0.015752
Iteration = 17   Scaled Residual = 0.014826
Iteration = 18   Scaled Residual = 0.0140026
Iteration = 19   Scaled Residual = 0.0132662
Iteration = 20   Scaled Residual = 0.012604
Iteration = 21   Scaled Residual = 0.0120062
Iteration = 22   Scaled Residual = 0.0114642
Iteration = 23   Scaled Residual = 0.0109712
Iteration = 24   Scaled Residual = 0.0105207
Iteration = 25   Scaled Residual = 0.0101065
Iteration = 26   Scaled Residual = 0.00972364
Iteration = 27   Scaled Residual = 0.00936718
Iteration = 28   Scaled Residual = 0.00903263
Iteration = 29   Scaled Residual = 0.00871792
Iteration = 30   Scaled Residual = 0.0084231
Iteration = 31   Scaled Residual = 0.00815475
Iteration = 32   Scaled Residual = 0.0079302
Iteration = 33   Scaled Residual = 0.00778298
Iteration = 34   Scaled Residual = 0.00777008
Iteration = 35   Scaled Residual = 0.00797196
Iteration = 36   Scaled Residual = 0.00846427
Iteration = 37   Scaled Residual = 0.00921833
Iteration = 38   Scaled Residual = 0.00986688
Iteration = 39   Scaled Residual = 0.0095645
Iteration = 40   Scaled Residual = 0.00779112
Iteration = 41   Scaled Residual = 0.00545579
Call [0] Scaled Residual [0.00197718]
Call [1] Scaled Residual [0.00197718]
Call [2] Scaled Residual [0.00197718]
Call [3] Scaled Residual [0.00197718]
Call [4] Scaled Residual [0.00197718]
Call [5] Scaled Residual [0.00197718]
Call [6] Scaled Residual [0.00197718]
Call [7] Scaled Residual [0.00197718]
Call [8] Scaled Residual [0.00197718]
Call [9] Scaled Residual [0.00197718]
Call [10] Scaled Residual [0.00197718]
Call [11] Scaled Residual [0.00197718]
Call [12] Scaled Residual [0.00197718]
Call [13] Scaled Residual [0.00197718]
Call [14] Scaled Residual [0.00197718]
Call [15] Scaled Residual [0.00197718]
srun: Job step aborted: Waiting up to 32 seconds for job step to finish.
[2025-08-31T11:37:40.377] error: *** STEP 54186.10 ON v21 CANCELLED AT 2025-08-31T11:37:40 DUE to SIGNAL Terminated ***
