################################################################
### Test executed at: Sun Aug 31 07:51:20 AM CST 2025
### Command:
mpirun -n 2 -bind-to socket ./hpcg.sh     --nx 256 --ny 256 --nz 544 --rt 120     --p2p 4 --gpu-affinity 0:1 --b 1     --npx 1 --npy 2 --npz 1
################################################################

HPCG-NVIDIA 24.09.0  -- NVIDIA accelerated HPCG benchmark -- NVIDIA
Build v0.5.9 

Start of application (GPU-Only) ...
 | Benchmark Mode !!!! CPU reference code is not performed 
GPU Rank Info:
 | cuSPARSE version 12.5
 | Reference CPU memory = 15911.70 MB
 | GPU Name: 'Tesla V100-SXM2-32GB' 
 | GPU Memory Use: 30367 MB / 32494 MB
 | Process Grid: 1x2x1
 | Local Domain: 256x256x544
 | Number of CPU Threads: 2
 | Slice Size: 4096
WARNING: PERFORMING UNPRECONDITIONED ITERATIONS
Call [0] Number of Iterations [11] Scaled Residual [1.19652e-14]
WARNING: PERFORMING UNPRECONDITIONED ITERATIONS
Call [1] Number of Iterations [11] Scaled Residual [1.19652e-14]
Call [0] Number of Iterations [2] Scaled Residual [8.63223e-18]
Call [1] Number of Iterations [2] Scaled Residual [8.63223e-18]
Departure from symmetry (scaled) for SpMV abs(x'*A*y - y'*A*x) = 5.82773e-12
Departure from symmetry (scaled) for MG abs(x'*Minv*y - y'*Minv*x) = 0
SpMV call [0] Residual [0]
SpMV call [1] Residual [0]
Initial Residual = 9447.01
Iteration = 1   Scaled Residual = 0.220749
Iteration = 2   Scaled Residual = 0.119601
Iteration = 3   Scaled Residual = 0.0813565
Iteration = 4   Scaled Residual = 0.0615924
Iteration = 5   Scaled Residual = 0.0495891
Iteration = 6   Scaled Residual = 0.0414916
Iteration = 7   Scaled Residual = 0.0356712
Iteration = 8   Scaled Residual = 0.0312879
Iteration = 9   Scaled Residual = 0.0278574
Iteration = 10   Scaled Residual = 0.0251028
Iteration = 11   Scaled Residual = 0.022842
Iteration = 12   Scaled Residual = 0.0209491
Iteration = 13   Scaled Residual = 0.0193441
Iteration = 14   Scaled Residual = 0.0179646
Iteration = 15   Scaled Residual = 0.0167649
Iteration = 16   Scaled Residual = 0.0157132
Iteration = 17   Scaled Residual = 0.0147835
Iteration = 18   Scaled Residual = 0.0139563
Iteration = 19   Scaled Residual = 0.0132159
Iteration = 20   Scaled Residual = 0.0125496
Iteration = 21   Scaled Residual = 0.0119477
Iteration = 22   Scaled Residual = 0.0114015
Iteration = 23   Scaled Residual = 0.0109045
Iteration = 24   Scaled Residual = 0.0104504
Iteration = 25   Scaled Residual = 0.0100331
Iteration = 26   Scaled Residual = 0.00964828
Iteration = 27   Scaled Residual = 0.00929125
Iteration = 28   Scaled Residual = 0.00895749
Iteration = 29   Scaled Residual = 0.00864442
Iteration = 30   Scaled Residual = 0.00835017
Iteration = 31   Scaled Residual = 0.00807723
Iteration = 32   Scaled Residual = 0.00783501
Iteration = 33   Scaled Residual = 0.00764305
Iteration = 34   Scaled Residual = 0.00753532
Iteration = 35   Scaled Residual = 0.00756042
Iteration = 36   Scaled Residual = 0.0077626
Iteration = 37   Scaled Residual = 0.0081311
Iteration = 38   Scaled Residual = 0.00849169
Iteration = 39   Scaled Residual = 0.00843593
Iteration = 40   Scaled Residual = 0.00760873
Iteration = 41   Scaled Residual = 0.00630669
Iteration = 42   Scaled Residual = 0.00534587
Call [0] Scaled Residual [0.00389143]
Call [1] Scaled Residual [0.00389143]
Call [2] Scaled Residual [0.00389143]
Call [3] Scaled Residual [0.00389143]
Call [4] Scaled Residual [0.00389143]
Call [5] Scaled Residual [0.00389143]
Call [6] Scaled Residual [0.00389143]
Call [7] Scaled Residual [0.00389143]
Call [8] Scaled Residual [0.00389143]
Call [9] Scaled Residual [0.00389143]
Call [10] Scaled Residual [0.00389143]
Call [11] Scaled Residual [0.00389143]
Call [12] Scaled Residual [0.00389143]
HPCG-Benchmark
version=3.1
Release date=March 28, 2019
Machine Summary=
Machine Summary::Distributed Processes=2
Machine Summary::Threads per processes=2
Global Problem Dimensions=
Global Problem Dimensions::Global nx=256
Global Problem Dimensions::Global ny=512
Global Problem Dimensions::Global nz=544
Processor Dimensions=
Processor Dimensions::npx=1
Processor Dimensions::npy=2
Processor Dimensions::npz=1
Local Domain Dimensions=
Local Domain Dimensions::nx=256
Local Domain Dimensions::ny=256
########## Problem Summary  ##########=
Setup Information=
Setup Information::Setup Time=0.50592
Linear System Information=
Linear System Information::Number of Equations=71303168
Linear System Information::Number of Nonzero Terms=1915321720
Multigrid Information=
Multigrid Information::Number of coarse grid levels=3
Multigrid Information::Coarse Grids=
Multigrid Information::Coarse Grids::Grid Level=1
Multigrid Information::Coarse Grids::Number of Equations=8912896
Multigrid Information::Coarse Grids::Number of Nonzero Terms=238186168
Multigrid Information::Coarse Grids::Number of Presmoother Steps=1
Multigrid Information::Coarse Grids::Number of Postsmoother Steps=1
Multigrid Information::Coarse Grids::Grid Level=2
Multigrid Information::Coarse Grids::Number of Equations=1114112
Multigrid Information::Coarse Grids::Number of Nonzero Terms=29467480
Multigrid Information::Coarse Grids::Number of Presmoother Steps=1
Multigrid Information::Coarse Grids::Number of Postsmoother Steps=1
Multigrid Information::Coarse Grids::Grid Level=3
Multigrid Information::Coarse Grids::Number of Equations=139264
Multigrid Information::Coarse Grids::Number of Nonzero Terms=3607720
Multigrid Information::Coarse Grids::Number of Presmoother Steps=1
Multigrid Information::Coarse Grids::Number of Postsmoother Steps=1
########## Memory Use Summary  ##########=
Memory Use Information=
Memory Use Information::Total memory used for data (Gbytes)=50.9661
Memory Use Information::Memory used for OptimizeProblem data (Gbytes)=0
Memory Use Information::Bytes per equation (Total memory / Number of Equations)=714.78
Memory Use Information::Memory used for linear system and CG (Gbytes)=44.8541
Memory Use Information::Coarse Grids=
Memory Use Information::Coarse Grids::Grid Level=1
Memory Use Information::Coarse Grids::Memory used=5.35818
Memory Use Information::Coarse Grids::Grid Level=2
Memory Use Information::Coarse Grids::Memory used=0.669965
Memory Use Information::Coarse Grids::Grid Level=3
Memory Use Information::Coarse Grids::Memory used=0.0837944
########## V&V Testing Summary  ##########=
Spectral Convergence Tests=
Spectral Convergence Tests::Result=PASSED
Spectral Convergence Tests::Unpreconditioned=
Spectral Convergence Tests::Unpreconditioned::Maximum iteration count=11
Spectral Convergence Tests::Unpreconditioned::Expected iteration count=12
Spectral Convergence Tests::Preconditioned=
Spectral Convergence Tests::Preconditioned::Maximum iteration count=2
Spectral Convergence Tests::Preconditioned::Expected iteration count=2
Departure from Symmetry |x'Ay-y'Ax|/(2*||x||*||A||*||y||)/epsilon=
Departure from Symmetry |x'Ay-y'Ax|/(2*||x||*||A||*||y||)/epsilon::Result=PASSED
Departure from Symmetry |x'Ay-y'Ax|/(2*||x||*||A||*||y||)/epsilon::Departure for SpMV=5.82773e-12
Departure from Symmetry |x'Ay-y'Ax|/(2*||x||*||A||*||y||)/epsilon::Departure for MG=0
########## Iterations Summary  ##########=
Iteration Count Information=
Iteration Count Information::Result=PASSED
Iteration Count Information::Reference CG iterations per set=50
Iteration Count Information::Optimized CG iterations per set=50
Iteration Count Information::Total number of reference iterations=650
Iteration Count Information::Total number of optimized iterations=650
########## Reproducibility Summary  ##########=
Reproducibility Information=
Reproducibility Information::Result=PASSED
Reproducibility Information::Scaled residual mean=0.00389143
Reproducibility Information::Scaled residual variance=0
########## Performance Summary (times in sec) ##########=
Benchmark Time Summary=
Benchmark Time Summary::Optimization phase=0.430258
Benchmark Time Summary::DDOT=26.9493
Benchmark Time Summary::WAXPBY=2.13225
Benchmark Time Summary::SpMV=19.9172
Benchmark Time Summary::MG=102.051
Benchmark Time Summary::Total=151.051
Floating Point Operations Summary=
Floating Point Operations Summary::Raw DDOT=2.79936e+11
Floating Point Operations Summary::Raw WAXPBY=2.79936e+11
Floating Point Operations Summary::Raw SpMV=2.53972e+12
Floating Point Operations Summary::Raw MG=1.41987e+13
Floating Point Operations Summary::Total=1.72983e+13
Floating Point Operations Summary::Total with convergence overhead=1.72983e+13
GB/s Summary=
GB/s Summary::Raw Read B/W=705.441
GB/s Summary::Raw Write B/W=163.022
GB/s Summary::Raw Total B/W=868.463
GB/s Summary::Total with convergence and optimization phase overhead=861.521
GFLOP/s Summary=
GFLOP/s Summary::Raw DDOT=10.3875
GFLOP/s Summary::Raw WAXPBY=131.287
GFLOP/s Summary::Raw SpMV=127.514
GFLOP/s Summary::Raw MG=139.133
GFLOP/s Summary::Raw Total=114.52
GFLOP/s Summary::Total with convergence overhead=114.52
GFLOP/s Summary::Total with convergence and optimization phase overhead=113.605
User Optimization Overheads=
User Optimization Overheads::Optimization phase time (sec)=0.430258
User Optimization Overheads::Optimization phase time vs reference SpMV+MG time=inf
DDOT Timing Variations=
DDOT Timing Variations::Min DDOT MPI_Allreduce time=25.6078
DDOT Timing Variations::Max DDOT MPI_Allreduce time=25.7929
DDOT Timing Variations::Avg DDOT MPI_Allreduce time=25.7003
Final Summary=
Final Summary::HPCG result is VALID with a GFLOP/s rating of=113.605
Final Summary::HPCG 2.4 rating for historical reasons is=114.097
Final Summary::Results are valid but execution time (sec) is=151.051
Final Summary::Official results execution time (sec) must be at least=1800
