HPCG-NVIDIA 24.09.0  -- NVIDIA accelerated HPCG benchmark -- NVIDIA
Build v0.5.9 

Start of application (GPU-Only) ...
 | Benchmark Mode !!!! CPU reference code is not performed 
GPU Rank Info:
 | cuSPARSE version 12.5
 | Reference CPU memory = 15911.70 MB
 | GPU Name: 'Tesla V100-SXM2-32GB' 
 | GPU Memory Use: 30365 MB / 32494 MB
 | Process Grid: 1x2x1
 | Local Domain: 256x256x544
 | Number of CPU Threads: 2
 | Slice Size: 4096
WARNING: PERFORMING UNPRECONDITIONED ITERATIONS
Call [0] Number of Iterations [11] Scaled Residual [1.19652e-14]
WARNING: PERFORMING UNPRECONDITIONED ITERATIONS
Call [1] Number of Iterations [11] Scaled Residual [1.19652e-14]
Call [0] Number of Iterations [2] Scaled Residual [8.63223e-18]
Call [1] Number of Iterations [2] Scaled Residual [8.63223e-18]
Departure from symmetry (scaled) for SpMV abs(x'*A*y - y'*A*x) = 0
Departure from symmetry (scaled) for MG abs(x'*Minv*y - y'*Minv*x) = 0
SpMV call [0] Residual [0]
SpMV call [1] Residual [0]
Initial Residual = 9447.01
Iteration = 1   Scaled Residual = 0.220749
Iteration = 2   Scaled Residual = 0.119601
Iteration = 3   Scaled Residual = 0.0813565
Iteration = 4   Scaled Residual = 0.0615924
Iteration = 5   Scaled Residual = 0.0495891
Iteration = 6   Scaled Residual = 0.0414916
Iteration = 7   Scaled Residual = 0.0356712
Iteration = 8   Scaled Residual = 0.0312879
Iteration = 9   Scaled Residual = 0.0278574
Iteration = 10   Scaled Residual = 0.0251028
Iteration = 11   Scaled Residual = 0.022842
Iteration = 12   Scaled Residual = 0.0209491
Iteration = 13   Scaled Residual = 0.0193441
Iteration = 14   Scaled Residual = 0.0179646
Iteration = 15   Scaled Residual = 0.0167649
Iteration = 16   Scaled Residual = 0.0157132
Iteration = 17   Scaled Residual = 0.0147835
Iteration = 18   Scaled Residual = 0.0139563
Iteration = 19   Scaled Residual = 0.0132159
Iteration = 20   Scaled Residual = 0.0125496
Iteration = 21   Scaled Residual = 0.0119477
Iteration = 22   Scaled Residual = 0.0114015
Iteration = 23   Scaled Residual = 0.0109045
Iteration = 24   Scaled Residual = 0.0104504
Iteration = 25   Scaled Residual = 0.0100331
Iteration = 26   Scaled Residual = 0.00964828
Iteration = 27   Scaled Residual = 0.00929125
Iteration = 28   Scaled Residual = 0.00895749
Iteration = 29   Scaled Residual = 0.00864442
Iteration = 30   Scaled Residual = 0.00835017
Iteration = 31   Scaled Residual = 0.00807723
Iteration = 32   Scaled Residual = 0.00783501
Iteration = 33   Scaled Residual = 0.00764305
Iteration = 34   Scaled Residual = 0.00753532
Iteration = 35   Scaled Residual = 0.00756042
Iteration = 36   Scaled Residual = 0.0077626
Iteration = 37   Scaled Residual = 0.0081311
Iteration = 38   Scaled Residual = 0.00849169
Iteration = 39   Scaled Residual = 0.00843593
Iteration = 40   Scaled Residual = 0.00760873
Iteration = 41   Scaled Residual = 0.00630669
Iteration = 42   Scaled Residual = 0.00534587
Call [0] Scaled Residual [0.00389143]
Call [1] Scaled Residual [0.00389143]
Call [2] Scaled Residual [0.00389143]
Call [3] Scaled Residual [0.00389143]
Call [4] Scaled Residual [0.00389143]
Call [5] Scaled Residual [0.00389143]
Call [6] Scaled Residual [0.00389143]
Call [7] Scaled Residual [0.00389143]
Call [8] Scaled Residual [0.00389143]
Call [9] Scaled Residual [0.00389143]
Call [10] Scaled Residual [0.00389143]
Call [11] Scaled Residual [0.00389143]
Call [12] Scaled Residual [0.00389143]
Call [13] Scaled Residual [0.00389143]
Call [14] Scaled Residual [0.00389143]
Call [15] Scaled Residual [0.00389143]
Call [16] Scaled Residual [0.00389143]
Call [17] Scaled Residual [0.00389143]
Call [18] Scaled Residual [0.00389143]
Call [19] Scaled Residual [0.00389143]
Call [20] Scaled Residual [0.00389143]
Call [21] Scaled Residual [0.00389143]
Call [22] Scaled Residual [0.00389143]
Call [23] Scaled Residual [0.00389143]
Call [24] Scaled Residual [0.00389143]
Call [25] Scaled Residual [0.00389143]
Call [26] Scaled Residual [0.00389143]
Call [27] Scaled Residual [0.00389143]
Call [28] Scaled Residual [0.00389143]
Call [29] Scaled Residual [0.00389143]
Call [30] Scaled Residual [0.00389143]
Call [31] Scaled Residual [0.00389143]
Call [32] Scaled Residual [0.00389143]
Call [33] Scaled Residual [0.00389143]
Call [34] Scaled Residual [0.00389143]
Call [35] Scaled Residual [0.00389143]
Call [36] Scaled Residual [0.00389143]
Call [37] Scaled Residual [0.00389143]
Call [38] Scaled Residual [0.00389143]
Call [39] Scaled Residual [0.00389143]
Call [40] Scaled Residual [0.00389143]
Call [41] Scaled Residual [0.00389143]
Call [42] Scaled Residual [0.00389143]
Call [43] Scaled Residual [0.00389143]
Call [44] Scaled Residual [0.00389143]
Call [45] Scaled Residual [0.00389143]
Call [46] Scaled Residual [0.00389143]
Call [47] Scaled Residual [0.00389143]
Call [48] Scaled Residual [0.00389143]
Call [49] Scaled Residual [0.00389143]
Call [50] Scaled Residual [0.00389143]
Call [51] Scaled Residual [0.00389143]
Call [52] Scaled Residual [0.00389143]
Call [53] Scaled Residual [0.00389143]
Call [54] Scaled Residual [0.00389143]
Call [55] Scaled Residual [0.00389143]
Call [56] Scaled Residual [0.00389143]
Call [57] Scaled Residual [0.00389143]
Call [58] Scaled Residual [0.00389143]
Call [59] Scaled Residual [0.00389143]
Call [60] Scaled Residual [0.00389143]
Call [61] Scaled Residual [0.00389143]
Call [62] Scaled Residual [0.00389143]
Call [63] Scaled Residual [0.00389143]
Call [64] Scaled Residual [0.00389143]
Call [65] Scaled Residual [0.00389143]
Call [66] Scaled Residual [0.00389143]
Call [67] Scaled Residual [0.00389143]
Call [68] Scaled Residual [0.00389143]
Call [69] Scaled Residual [0.00389143]
Call [70] Scaled Residual [0.00389143]
Call [71] Scaled Residual [0.00389143]
Call [72] Scaled Residual [0.00389143]
Call [73] Scaled Residual [0.00389143]
Call [74] Scaled Residual [0.00389143]
Call [75] Scaled Residual [0.00389143]
Call [76] Scaled Residual [0.00389143]
Call [77] Scaled Residual [0.00389143]
Call [78] Scaled Residual [0.00389143]
Call [79] Scaled Residual [0.00389143]
Call [80] Scaled Residual [0.00389143]
Call [81] Scaled Residual [0.00389143]
Call [82] Scaled Residual [0.00389143]
Call [83] Scaled Residual [0.00389143]
Call [84] Scaled Residual [0.00389143]
Call [85] Scaled Residual [0.00389143]
Call [86] Scaled Residual [0.00389143]
Call [87] Scaled Residual [0.00389143]
Call [88] Scaled Residual [0.00389143]
Call [89] Scaled Residual [0.00389143]
Call [90] Scaled Residual [0.00389143]
Call [91] Scaled Residual [0.00389143]
Call [92] Scaled Residual [0.00389143]
Call [93] Scaled Residual [0.00389143]
Call [94] Scaled Residual [0.00389143]
Call [95] Scaled Residual [0.00389143]
Call [96] Scaled Residual [0.00389143]
Call [97] Scaled Residual [0.00389143]
Call [98] Scaled Residual [0.00389143]
Call [99] Scaled Residual [0.00389143]
Call [100] Scaled Residual [0.00389143]
Call [101] Scaled Residual [0.00389143]
Call [102] Scaled Residual [0.00389143]
Call [103] Scaled Residual [0.00389143]
Call [104] Scaled Residual [0.00389143]
Call [105] Scaled Residual [0.00389143]
Call [106] Scaled Residual [0.00389143]
Call [107] Scaled Residual [0.00389143]
Call [108] Scaled Residual [0.00389143]
Call [109] Scaled Residual [0.00389143]
Call [110] Scaled Residual [0.00389143]
Call [111] Scaled Residual [0.00389143]
Call [112] Scaled Residual [0.00389143]
Call [113] Scaled Residual [0.00389143]
Call [114] Scaled Residual [0.00389143]
Call [115] Scaled Residual [0.00389143]
Call [116] Scaled Residual [0.00389143]
Call [117] Scaled Residual [0.00389143]
Call [118] Scaled Residual [0.00389143]
Call [119] Scaled Residual [0.00389143]
Call [120] Scaled Residual [0.00389143]
Call [121] Scaled Residual [0.00389143]
Call [122] Scaled Residual [0.00389143]
Call [123] Scaled Residual [0.00389143]
Call [124] Scaled Residual [0.00389143]
Call [125] Scaled Residual [0.00389143]
Call [126] Scaled Residual [0.00389143]
Call [127] Scaled Residual [0.00389143]
Call [128] Scaled Residual [0.00389143]
Call [129] Scaled Residual [0.00389143]
Call [130] Scaled Residual [0.00389143]
Call [131] Scaled Residual [0.00389143]
Call [132] Scaled Residual [0.00389143]
Call [133] Scaled Residual [0.00389143]
Call [134] Scaled Residual [0.00389143]
Call [135] Scaled Residual [0.00389143]
Call [136] Scaled Residual [0.00389143]
Call [137] Scaled Residual [0.00389143]
Call [138] Scaled Residual [0.00389143]
Call [139] Scaled Residual [0.00389143]
Call [140] Scaled Residual [0.00389143]
Call [141] Scaled Residual [0.00389143]
Call [142] Scaled Residual [0.00389143]
Call [143] Scaled Residual [0.00389143]
Call [144] Scaled Residual [0.00389143]
Call [145] Scaled Residual [0.00389143]
Call [146] Scaled Residual [0.00389143]
Call [147] Scaled Residual [0.00389143]
Call [148] Scaled Residual [0.00389143]
Call [149] Scaled Residual [0.00389143]
Call [150] Scaled Residual [0.00389143]
Call [151] Scaled Residual [0.00389143]
Call [152] Scaled Residual [0.00389143]
Call [153] Scaled Residual [0.00389143]
Call [154] Scaled Residual [0.00389143]
Call [155] Scaled Residual [0.00389143]
Call [156] Scaled Residual [0.00389143]
Call [157] Scaled Residual [0.00389143]
Call [158] Scaled Residual [0.00389143]
Call [159] Scaled Residual [0.00389143]
Call [160] Scaled Residual [0.00389143]
Call [161] Scaled Residual [0.00389143]
Call [162] Scaled Residual [0.00389143]
Call [163] Scaled Residual [0.00389143]
Call [164] Scaled Residual [0.00389143]
Call [165] Scaled Residual [0.00389143]
Call [166] Scaled Residual [0.00389143]
Call [167] Scaled Residual [0.00389143]
Call [168] Scaled Residual [0.00389143]
Call [169] Scaled Residual [0.00389143]
Call [170] Scaled Residual [0.00389143]
Call [171] Scaled Residual [0.00389143]
Call [172] Scaled Residual [0.00389143]
Call [173] Scaled Residual [0.00389143]
Call [174] Scaled Residual [0.00389143]
Call [175] Scaled Residual [0.00389143]
Call [176] Scaled Residual [0.00389143]
Call [177] Scaled Residual [0.00389143]
Call [178] Scaled Residual [0.00389143]
Call [179] Scaled Residual [0.00389143]
Call [180] Scaled Residual [0.00389143]
Call [181] Scaled Residual [0.00389143]
Call [182] Scaled Residual [0.00389143]
Call [183] Scaled Residual [0.00389143]
Call [184] Scaled Residual [0.00389143]
Call [185] Scaled Residual [0.00389143]
Call [186] Scaled Residual [0.00389143]
Call [187] Scaled Residual [0.00389143]
Call [188] Scaled Residual [0.00389143]
Call [189] Scaled Residual [0.00389143]
Call [190] Scaled Residual [0.00389143]
Call [191] Scaled Residual [0.00389143]
Call [192] Scaled Residual [0.00389143]
Call [193] Scaled Residual [0.00389143]
Call [194] Scaled Residual [0.00389143]
Call [195] Scaled Residual [0.00389143]
Call [196] Scaled Residual [0.00389143]
Call [197] Scaled Residual [0.00389143]
Call [198] Scaled Residual [0.00389143]
Call [199] Scaled Residual [0.00389143]
Call [200] Scaled Residual [0.00389143]
Call [201] Scaled Residual [0.00389143]
Call [202] Scaled Residual [0.00389143]
Call [203] Scaled Residual [0.00389143]
Call [204] Scaled Residual [0.00389143]
Call [205] Scaled Residual [0.00389143]
Call [206] Scaled Residual [0.00389143]
Call [207] Scaled Residual [0.00389143]
Call [208] Scaled Residual [0.00389143]
Call [209] Scaled Residual [0.00389143]
Call [210] Scaled Residual [0.00389143]
Call [211] Scaled Residual [0.00389143]
Call [212] Scaled Residual [0.00389143]
Call [213] Scaled Residual [0.00389143]
Call [214] Scaled Residual [0.00389143]
Call [215] Scaled Residual [0.00389143]
Call [216] Scaled Residual [0.00389143]
Call [217] Scaled Residual [0.00389143]
Call [218] Scaled Residual [0.00389143]
Call [219] Scaled Residual [0.00389143]
Call [220] Scaled Residual [0.00389143]
Call [221] Scaled Residual [0.00389143]
Call [222] Scaled Residual [0.00389143]
Call [223] Scaled Residual [0.00389143]
Call [224] Scaled Residual [0.00389143]
Call [225] Scaled Residual [0.00389143]
Call [226] Scaled Residual [0.00389143]
Call [227] Scaled Residual [0.00389143]
Call [228] Scaled Residual [0.00389143]
Call [229] Scaled Residual [0.00389143]
Call [230] Scaled Residual [0.00389143]
Call [231] Scaled Residual [0.00389143]
Call [232] Scaled Residual [0.00389143]
Call [233] Scaled Residual [0.00389143]
Call [234] Scaled Residual [0.00389143]
Call [235] Scaled Residual [0.00389143]
Call [236] Scaled Residual [0.00389143]
Call [237] Scaled Residual [0.00389143]
Call [238] Scaled Residual [0.00389143]
Call [239] Scaled Residual [0.00389143]
Call [240] Scaled Residual [0.00389143]
Call [241] Scaled Residual [0.00389143]
Call [242] Scaled Residual [0.00389143]
Call [243] Scaled Residual [0.00389143]
Call [244] Scaled Residual [0.00389143]
Call [245] Scaled Residual [0.00389143]
Call [246] Scaled Residual [0.00389143]
Call [247] Scaled Residual [0.00389143]
Call [248] Scaled Residual [0.00389143]
Call [249] Scaled Residual [0.00389143]
Call [250] Scaled Residual [0.00389143]
Call [251] Scaled Residual [0.00389143]
Call [252] Scaled Residual [0.00389143]
Call [253] Scaled Residual [0.00389143]
Call [254] Scaled Residual [0.00389143]
Call [255] Scaled Residual [0.00389143]
Call [256] Scaled Residual [0.00389143]
Call [257] Scaled Residual [0.00389143]
Call [258] Scaled Residual [0.00389143]
Call [259] Scaled Residual [0.00389143]
Call [260] Scaled Residual [0.00389143]
Call [261] Scaled Residual [0.00389143]
Call [262] Scaled Residual [0.00389143]
Call [263] Scaled Residual [0.00389143]
Call [264] Scaled Residual [0.00389143]
Call [265] Scaled Residual [0.00389143]
Call [266] Scaled Residual [0.00389143]
Call [267] Scaled Residual [0.00389143]
Call [268] Scaled Residual [0.00389143]
Call [269] Scaled Residual [0.00389143]
Call [270] Scaled Residual [0.00389143]
Call [271] Scaled Residual [0.00389143]
Call [272] Scaled Residual [0.00389143]
Call [273] Scaled Residual [0.00389143]
Call [274] Scaled Residual [0.00389143]
Call [275] Scaled Residual [0.00389143]
Call [276] Scaled Residual [0.00389143]
Call [277] Scaled Residual [0.00389143]
Call [278] Scaled Residual [0.00389143]
Call [279] Scaled Residual [0.00389143]
Call [280] Scaled Residual [0.00389143]
Call [281] Scaled Residual [0.00389143]
Call [282] Scaled Residual [0.00389143]
Call [283] Scaled Residual [0.00389143]
Call [284] Scaled Residual [0.00389143]
Call [285] Scaled Residual [0.00389143]
Call [286] Scaled Residual [0.00389143]
Call [287] Scaled Residual [0.00389143]
Call [288] Scaled Residual [0.00389143]
Call [289] Scaled Residual [0.00389143]
Call [290] Scaled Residual [0.00389143]
Call [291] Scaled Residual [0.00389143]
Call [292] Scaled Residual [0.00389143]
Call [293] Scaled Residual [0.00389143]
Call [294] Scaled Residual [0.00389143]
Call [295] Scaled Residual [0.00389143]
Call [296] Scaled Residual [0.00389143]
Call [297] Scaled Residual [0.00389143]
Call [298] Scaled Residual [0.00389143]
Call [299] Scaled Residual [0.00389143]
Call [300] Scaled Residual [0.00389143]
Call [301] Scaled Residual [0.00389143]
Call [302] Scaled Residual [0.00389143]
Call [303] Scaled Residual [0.00389143]
Call [304] Scaled Residual [0.00389143]
Call [305] Scaled Residual [0.00389143]
Call [306] Scaled Residual [0.00389143]
Call [307] Scaled Residual [0.00389143]
Call [308] Scaled Residual [0.00389143]
Call [309] Scaled Residual [0.00389143]
Call [310] Scaled Residual [0.00389143]
Call [311] Scaled Residual [0.00389143]
Call [312] Scaled Residual [0.00389143]
Call [313] Scaled Residual [0.00389143]
Call [314] Scaled Residual [0.00389143]
Call [315] Scaled Residual [0.00389143]
Call [316] Scaled Residual [0.00389143]
Call [317] Scaled Residual [0.00389143]
Call [318] Scaled Residual [0.00389143]
Call [319] Scaled Residual [0.00389143]
Call [320] Scaled Residual [0.00389143]
Call [321] Scaled Residual [0.00389143]
Call [322] Scaled Residual [0.00389143]
Call [323] Scaled Residual [0.00389143]
Call [324] Scaled Residual [0.00389143]
Call [325] Scaled Residual [0.00389143]
Call [326] Scaled Residual [0.00389143]
Call [327] Scaled Residual [0.00389143]
Call [328] Scaled Residual [0.00389143]
Call [329] Scaled Residual [0.00389143]
Call [330] Scaled Residual [0.00389143]
Call [331] Scaled Residual [0.00389143]
Call [332] Scaled Residual [0.00389143]
Call [333] Scaled Residual [0.00389143]
Call [334] Scaled Residual [0.00389143]
Call [335] Scaled Residual [0.00389143]
Call [336] Scaled Residual [0.00389143]
Call [337] Scaled Residual [0.00389143]
Call [338] Scaled Residual [0.00389143]
Call [339] Scaled Residual [0.00389143]
Call [340] Scaled Residual [0.00389143]
Call [341] Scaled Residual [0.00389143]
Call [342] Scaled Residual [0.00389143]
Call [343] Scaled Residual [0.00389143]
Call [344] Scaled Residual [0.00389143]
Call [345] Scaled Residual [0.00389143]
Call [346] Scaled Residual [0.00389143]
Call [347] Scaled Residual [0.00389143]
Call [348] Scaled Residual [0.00389143]
Call [349] Scaled Residual [0.00389143]
Call [350] Scaled Residual [0.00389143]
Call [351] Scaled Residual [0.00389143]
Call [352] Scaled Residual [0.00389143]
Call [353] Scaled Residual [0.00389143]
Call [354] Scaled Residual [0.00389143]
Call [355] Scaled Residual [0.00389143]
Call [356] Scaled Residual [0.00389143]
Call [357] Scaled Residual [0.00389143]
Call [358] Scaled Residual [0.00389143]
Call [359] Scaled Residual [0.00389143]
Call [360] Scaled Residual [0.00389143]
Call [361] Scaled Residual [0.00389143]
Call [362] Scaled Residual [0.00389143]
Call [363] Scaled Residual [0.00389143]
Call [364] Scaled Residual [0.00389143]
Call [365] Scaled Residual [0.00389143]
Call [366] Scaled Residual [0.00389143]
Call [367] Scaled Residual [0.00389143]
Call [368] Scaled Residual [0.00389143]
Call [369] Scaled Residual [0.00389143]
Call [370] Scaled Residual [0.00389143]
Call [371] Scaled Residual [0.00389143]
Call [372] Scaled Residual [0.00389143]
Call [373] Scaled Residual [0.00389143]
Call [374] Scaled Residual [0.00389143]
Call [375] Scaled Residual [0.00389143]
Call [376] Scaled Residual [0.00389143]
Call [377] Scaled Residual [0.00389143]
Call [378] Scaled Residual [0.00389143]
Call [379] Scaled Residual [0.00389143]
Call [380] Scaled Residual [0.00389143]
Call [381] Scaled Residual [0.00389143]
Call [382] Scaled Residual [0.00389143]
Call [383] Scaled Residual [0.00389143]
Call [384] Scaled Residual [0.00389143]
Call [385] Scaled Residual [0.00389143]
Call [386] Scaled Residual [0.00389143]
Call [387] Scaled Residual [0.00389143]
Call [388] Scaled Residual [0.00389143]
Call [389] Scaled Residual [0.00389143]
Call [390] Scaled Residual [0.00389143]
Call [391] Scaled Residual [0.00389143]
Call [392] Scaled Residual [0.00389143]
Call [393] Scaled Residual [0.00389143]
Call [394] Scaled Residual [0.00389143]
Call [395] Scaled Residual [0.00389143]
Call [396] Scaled Residual [0.00389143]
Call [397] Scaled Residual [0.00389143]
Call [398] Scaled Residual [0.00389143]
Call [399] Scaled Residual [0.00389143]
Call [400] Scaled Residual [0.00389143]
Call [401] Scaled Residual [0.00389143]
Call [402] Scaled Residual [0.00389143]
Call [403] Scaled Residual [0.00389143]
Call [404] Scaled Residual [0.00389143]
Call [405] Scaled Residual [0.00389143]
Call [406] Scaled Residual [0.00389143]
Call [407] Scaled Residual [0.00389143]
Call [408] Scaled Residual [0.00389143]
Call [409] Scaled Residual [0.00389143]
Call [410] Scaled Residual [0.00389143]
Call [411] Scaled Residual [0.00389143]
Call [412] Scaled Residual [0.00389143]
Call [413] Scaled Residual [0.00389143]
Call [414] Scaled Residual [0.00389143]
Call [415] Scaled Residual [0.00389143]
Call [416] Scaled Residual [0.00389143]
Call [417] Scaled Residual [0.00389143]
Call [418] Scaled Residual [0.00389143]
Call [419] Scaled Residual [0.00389143]
Call [420] Scaled Residual [0.00389143]
Call [421] Scaled Residual [0.00389143]
Call [422] Scaled Residual [0.00389143]
Call [423] Scaled Residual [0.00389143]
Call [424] Scaled Residual [0.00389143]
Call [425] Scaled Residual [0.00389143]
Call [426] Scaled Residual [0.00389143]
Call [427] Scaled Residual [0.00389143]
Call [428] Scaled Residual [0.00389143]
Call [429] Scaled Residual [0.00389143]
Call [430] Scaled Residual [0.00389143]
Call [431] Scaled Residual [0.00389143]
Call [432] Scaled Residual [0.00389143]
Call [433] Scaled Residual [0.00389143]
Call [434] Scaled Residual [0.00389143]
Call [435] Scaled Residual [0.00389143]
Call [436] Scaled Residual [0.00389143]
Call [437] Scaled Residual [0.00389143]
Call [438] Scaled Residual [0.00389143]
Call [439] Scaled Residual [0.00389143]
Call [440] Scaled Residual [0.00389143]
Call [441] Scaled Residual [0.00389143]
Call [442] Scaled Residual [0.00389143]
Call [443] Scaled Residual [0.00389143]
Call [444] Scaled Residual [0.00389143]
Call [445] Scaled Residual [0.00389143]
Call [446] Scaled Residual [0.00389143]
Call [447] Scaled Residual [0.00389143]
Call [448] Scaled Residual [0.00389143]
Call [449] Scaled Residual [0.00389143]
Call [450] Scaled Residual [0.00389143]
Call [451] Scaled Residual [0.00389143]
Call [452] Scaled Residual [0.00389143]
Call [453] Scaled Residual [0.00389143]
Call [454] Scaled Residual [0.00389143]
Call [455] Scaled Residual [0.00389143]
Call [456] Scaled Residual [0.00389143]
Call [457] Scaled Residual [0.00389143]
Call [458] Scaled Residual [0.00389143]
Call [459] Scaled Residual [0.00389143]
Call [460] Scaled Residual [0.00389143]
Call [461] Scaled Residual [0.00389143]
Call [462] Scaled Residual [0.00389143]
Call [463] Scaled Residual [0.00389143]
Call [464] Scaled Residual [0.00389143]
Call [465] Scaled Residual [0.00389143]
Call [466] Scaled Residual [0.00389143]
Call [467] Scaled Residual [0.00389143]
Call [468] Scaled Residual [0.00389143]
Call [469] Scaled Residual [0.00389143]
Call [470] Scaled Residual [0.00389143]
Call [471] Scaled Residual [0.00389143]
Call [472] Scaled Residual [0.00389143]
Call [473] Scaled Residual [0.00389143]
Call [474] Scaled Residual [0.00389143]
Call [475] Scaled Residual [0.00389143]
Call [476] Scaled Residual [0.00389143]
Call [477] Scaled Residual [0.00389143]
Call [478] Scaled Residual [0.00389143]
Call [479] Scaled Residual [0.00389143]
Call [480] Scaled Residual [0.00389143]
Call [481] Scaled Residual [0.00389143]
Call [482] Scaled Residual [0.00389143]
Call [483] Scaled Residual [0.00389143]
Call [484] Scaled Residual [0.00389143]
Call [485] Scaled Residual [0.00389143]
Call [486] Scaled Residual [0.00389143]
Call [487] Scaled Residual [0.00389143]
Call [488] Scaled Residual [0.00389143]
Call [489] Scaled Residual [0.00389143]
Call [490] Scaled Residual [0.00389143]
Call [491] Scaled Residual [0.00389143]
Call [492] Scaled Residual [0.00389143]
Call [493] Scaled Residual [0.00389143]
Call [494] Scaled Residual [0.00389143]
Call [495] Scaled Residual [0.00389143]
Call [496] Scaled Residual [0.00389143]
Call [497] Scaled Residual [0.00389143]
Call [498] Scaled Residual [0.00389143]
Call [499] Scaled Residual [0.00389143]
Call [500] Scaled Residual [0.00389143]
Call [501] Scaled Residual [0.00389143]
Call [502] Scaled Residual [0.00389143]
Call [503] Scaled Residual [0.00389143]
Call [504] Scaled Residual [0.00389143]
Call [505] Scaled Residual [0.00389143]
Call [506] Scaled Residual [0.00389143]
Call [507] Scaled Residual [0.00389143]
Call [508] Scaled Residual [0.00389143]
Call [509] Scaled Residual [0.00389143]
Call [510] Scaled Residual [0.00389143]
Call [511] Scaled Residual [0.00389143]
Call [512] Scaled Residual [0.00389143]
Call [513] Scaled Residual [0.00389143]
Call [514] Scaled Residual [0.00389143]
Call [515] Scaled Residual [0.00389143]
Call [516] Scaled Residual [0.00389143]
Call [517] Scaled Residual [0.00389143]
Call [518] Scaled Residual [0.00389143]
Call [519] Scaled Residual [0.00389143]
Call [520] Scaled Residual [0.00389143]
Call [521] Scaled Residual [0.00389143]
Call [522] Scaled Residual [0.00389143]
Call [523] Scaled Residual [0.00389143]
Call [524] Scaled Residual [0.00389143]
Call [525] Scaled Residual [0.00389143]
Call [526] Scaled Residual [0.00389143]
Call [527] Scaled Residual [0.00389143]
Call [528] Scaled Residual [0.00389143]
Call [529] Scaled Residual [0.00389143]
Call [530] Scaled Residual [0.00389143]
Call [531] Scaled Residual [0.00389143]
Call [532] Scaled Residual [0.00389143]
Call [533] Scaled Residual [0.00389143]
Call [534] Scaled Residual [0.00389143]
Call [535] Scaled Residual [0.00389143]
Call [536] Scaled Residual [0.00389143]
Call [537] Scaled Residual [0.00389143]
Call [538] Scaled Residual [0.00389143]
Call [539] Scaled Residual [0.00389143]
Call [540] Scaled Residual [0.00389143]
Call [541] Scaled Residual [0.00389143]
Call [542] Scaled Residual [0.00389143]
Call [543] Scaled Residual [0.00389143]
Call [544] Scaled Residual [0.00389143]
Call [545] Scaled Residual [0.00389143]
Call [546] Scaled Residual [0.00389143]
Call [547] Scaled Residual [0.00389143]
Call [548] Scaled Residual [0.00389143]
Call [549] Scaled Residual [0.00389143]
Call [550] Scaled Residual [0.00389143]
Call [551] Scaled Residual [0.00389143]
Call [552] Scaled Residual [0.00389143]
Call [553] Scaled Residual [0.00389143]
Call [554] Scaled Residual [0.00389143]
Call [555] Scaled Residual [0.00389143]
Call [556] Scaled Residual [0.00389143]
Call [557] Scaled Residual [0.00389143]
Call [558] Scaled Residual [0.00389143]
Call [559] Scaled Residual [0.00389143]
Call [560] Scaled Residual [0.00389143]
Call [561] Scaled Residual [0.00389143]
Call [562] Scaled Residual [0.00389143]
Call [563] Scaled Residual [0.00389143]
Call [564] Scaled Residual [0.00389143]
Call [565] Scaled Residual [0.00389143]
Call [566] Scaled Residual [0.00389143]
Call [567] Scaled Residual [0.00389143]
Call [568] Scaled Residual [0.00389143]
Call [569] Scaled Residual [0.00389143]
Call [570] Scaled Residual [0.00389143]
Call [571] Scaled Residual [0.00389143]
Call [572] Scaled Residual [0.00389143]
Call [573] Scaled Residual [0.00389143]
Call [574] Scaled Residual [0.00389143]
Call [575] Scaled Residual [0.00389143]
Call [576] Scaled Residual [0.00389143]
Call [577] Scaled Residual [0.00389143]
Call [578] Scaled Residual [0.00389143]
Call [579] Scaled Residual [0.00389143]
Call [580] Scaled Residual [0.00389143]
Call [581] Scaled Residual [0.00389143]
Call [582] Scaled Residual [0.00389143]
Call [583] Scaled Residual [0.00389143]
Call [584] Scaled Residual [0.00389143]
Call [585] Scaled Residual [0.00389143]
Call [586] Scaled Residual [0.00389143]
Call [587] Scaled Residual [0.00389143]
Call [588] Scaled Residual [0.00389143]
Call [589] Scaled Residual [0.00389143]
Call [590] Scaled Residual [0.00389143]
Call [591] Scaled Residual [0.00389143]
Call [592] Scaled Residual [0.00389143]
Call [593] Scaled Residual [0.00389143]
Call [594] Scaled Residual [0.00389143]
Call [595] Scaled Residual [0.00389143]
