正在检测运行环境...
检测到 SLURM 环境。将使用 'srun' 启动器并采用原生MPI集成。
----------------------------------------------------------
开始HPCG进阶性能扫描 (v13)...
结果将保存在: ./result
==========================================================
正在测试: NProc=1, OMP_Threads=1, Grid=1x1x1, L2Cmp=0, GSS=4096
测试完成。日志已保存至: ./result/hpcg_n1_t1_g1x1x1_l2c0_gss4096_20250831_11M11.log
----------------------------------------------------------
正在测试: NProc=1, OMP_Threads=1, Grid=1x1x1, L2Cmp=0, GSS=2048
测试完成。日志已保存至: ./result/hpcg_n1_t1_g1x1x1_l2c0_gss2048_20250831_11M12.log
----------------------------------------------------------
正在测试: NProc=1, OMP_Threads=1, Grid=1x1x1, L2Cmp=1, GSS=4096
测试完成。日志已保存至: ./result/hpcg_n1_t1_g1x1x1_l2c1_gss4096_20250831_11M13.log
----------------------------------------------------------
正在测试: NProc=1, OMP_Threads=1, Grid=1x1x1, L2Cmp=1, GSS=2048
测试完成。日志已保存至: ./result/hpcg_n1_t1_g1x1x1_l2c1_gss2048_20250831_11M14.log
----------------------------------------------------------
正在测试: NProc=1, OMP_Threads=2, Grid=1x1x1, L2Cmp=0, GSS=4096
测试完成。日志已保存至: ./result/hpcg_n1_t2_g1x1x1_l2c0_gss4096_20250831_11M15.log
----------------------------------------------------------
正在测试: NProc=1, OMP_Threads=2, Grid=1x1x1, L2Cmp=0, GSS=2048
测试完成。日志已保存至: ./result/hpcg_n1_t2_g1x1x1_l2c0_gss2048_20250831_11M16.log
----------------------------------------------------------
正在测试: NProc=1, OMP_Threads=2, Grid=1x1x1, L2Cmp=1, GSS=4096
测试完成。日志已保存至: ./result/hpcg_n1_t2_g1x1x1_l2c1_gss4096_20250831_11M16.log
----------------------------------------------------------
正在测试: NProc=1, OMP_Threads=2, Grid=1x1x1, L2Cmp=1, GSS=2048
测试完成。日志已保存至: ./result/hpcg_n1_t2_g1x1x1_l2c1_gss2048_20250831_11M17.log
----------------------------------------------------------
正在测试: NProc=2, OMP_Threads=1, Grid=1x1x2, L2Cmp=0, GSS=4096
测试完成。日志已保存至: ./result/hpcg_n2_t1_g1x1x2_l2c0_gss4096_20250831_11M18.log
----------------------------------------------------------
正在测试: NProc=2, OMP_Threads=1, Grid=1x1x2, L2Cmp=0, GSS=2048
测试完成。日志已保存至: ./result/hpcg_n2_t1_g1x1x2_l2c0_gss2048_20250831_11M20.log
----------------------------------------------------------
正在测试: NProc=2, OMP_Threads=1, Grid=1x1x2, L2Cmp=1, GSS=4096
测试完成。日志已保存至: ./result/hpcg_n2_t1_g1x1x2_l2c1_gss4096_20250831_11M22.log
----------------------------------------------------------
正在测试: NProc=2, OMP_Threads=1, Grid=1x1x2, L2Cmp=1, GSS=2048
测试完成。日志已保存至: ./result/hpcg_n2_t1_g1x1x2_l2c1_gss2048_20250831_11M24.log
----------------------------------------------------------
正在测试: NProc=2, OMP_Threads=2, Grid=1x1x2, L2Cmp=0, GSS=4096
测试完成。日志已保存至: ./result/hpcg_n2_t2_g1x1x2_l2c0_gss4096_20250831_11M26.log
----------------------------------------------------------
正在测试: NProc=2, OMP_Threads=2, Grid=1x1x2, L2Cmp=0, GSS=2048
测试完成。日志已保存至: ./result/hpcg_n2_t2_g1x1x2_l2c0_gss2048_20250831_11M26.log
----------------------------------------------------------
正在测试: NProc=2, OMP_Threads=2, Grid=1x1x2, L2Cmp=1, GSS=4096
测试完成。日志已保存至: ./result/hpcg_n2_t2_g1x1x2_l2c1_gss4096_20250831_11M26.log
----------------------------------------------------------
正在测试: NProc=2, OMP_Threads=2, Grid=1x1x2, L2Cmp=1, GSS=2048
测试完成。日志已保存至: ./result/hpcg_n2_t2_g1x1x2_l2c1_gss2048_20250831_11M26.log
----------------------------------------------------------
==========================================================
所有进阶测试已完成！
